2024-12-31 16:18:27,149 - INFO - Starting the scrapping process.
2024-12-31 16:18:27,150 - INFO - Script started at: 2024-12-31 16:18:27.149426
2024-12-31 16:18:27,150 - INFO - ====== WebDriver manager ======
2024-12-31 16:18:27,856 - INFO - Get LATEST chromedriver version for google-chrome
2024-12-31 16:18:28,962 - INFO - Get LATEST chromedriver version for google-chrome
2024-12-31 16:18:30,409 - INFO - Driver [C:\Users\home\.wdm\drivers\chromedriver\win64\131.0.6778.204\chromedriver-win32/chromedriver.exe] found in cache
2024-12-31 16:18:31,750 - INFO - Driver configuration completed.
2024-12-31 16:18:46,501 - INFO - Navigated to https://www.reddit.com/r/sportsbook/.
2024-12-31 16:18:59,027 - INFO - Navigated to https://www.reddit.com/r/sportsbook/search/?q=PICK+OF+THE+DAY&cId=2b23322e-c772-4006-a698-b64a492c7c0b&iId=c1994e29-a2b2-4252-b1d1-90bc9e0d3c1c&sort=new.
2024-12-31 16:20:49,854 - INFO - Starting to scrape posts...
2024-12-31 16:21:28,859 - INFO - Starting to scrape posts...
2024-12-31 16:22:04,089 - INFO - Starting to scrape posts...
2024-12-31 16:22:43,997 - INFO - Starting to scrape posts...
2024-12-31 16:23:23,070 - INFO - Starting to scrape posts...
2024-12-31 16:24:09,440 - INFO - Starting to scrape posts...
2024-12-31 16:24:41,356 - INFO - Starting to scrape posts...
2024-12-31 16:25:13,090 - INFO - Starting to scrape posts...
2024-12-31 16:25:52,437 - INFO - Starting to scrape posts...
2024-12-31 16:26:34,735 - INFO - Starting to scrape posts...
2024-12-31 16:27:13,649 - INFO - Starting to scrape posts...
2024-12-31 16:27:45,357 - INFO - Starting to scrape posts...
2024-12-31 16:28:26,780 - INFO - Starting to scrape posts...
2024-12-31 16:29:06,231 - INFO - Starting to scrape posts...
2024-12-31 16:29:45,439 - INFO - Starting to scrape posts...
2024-12-31 16:30:24,615 - INFO - Starting to scrape posts...
2024-12-31 16:31:03,351 - INFO - Starting to scrape posts...
2024-12-31 16:31:37,062 - INFO - Starting to scrape posts...
2024-12-31 16:32:09,137 - INFO - Starting to scrape posts...
2024-12-31 16:32:48,871 - INFO - Starting to scrape posts...
2024-12-31 16:33:28,078 - INFO - Starting to scrape posts...
2024-12-31 16:34:08,102 - INFO - Starting to scrape posts...
2024-12-31 16:34:52,175 - INFO - Starting to scrape posts...
2024-12-31 16:35:31,763 - INFO - Starting to scrape posts...
2024-12-31 16:35:51,730 - INFO - Starting to scrape posts...
2024-12-31 16:36:39,293 - INFO - Starting to scrape posts...
2024-12-31 16:37:14,936 - INFO - Starting to scrape posts...
2024-12-31 16:37:54,530 - INFO - Starting to scrape posts...
2024-12-31 16:38:33,565 - INFO - Starting to scrape posts...
2024-12-31 16:39:12,312 - INFO - Starting to scrape posts...
2024-12-31 16:39:50,780 - INFO - Starting to scrape posts...
2024-12-31 16:40:29,745 - INFO - Starting to scrape posts...
2024-12-31 16:41:09,870 - INFO - Starting to scrape posts...
2024-12-31 16:41:49,875 - INFO - Starting to scrape posts...
2024-12-31 16:42:29,043 - INFO - Starting to scrape posts...
2024-12-31 16:43:08,164 - INFO - Starting to scrape posts...
2024-12-31 16:43:47,446 - INFO - Starting to scrape posts...
2024-12-31 16:44:22,476 - INFO - Starting to scrape posts...
2024-12-31 16:45:02,480 - INFO - Starting to scrape posts...
2024-12-31 16:45:43,064 - INFO - Starting to scrape posts...
2024-12-31 16:46:22,573 - INFO - Starting to scrape posts...
2024-12-31 16:47:01,350 - INFO - Starting to scrape posts...
2024-12-31 16:47:39,947 - INFO - Starting to scrape posts...
2024-12-31 16:48:19,916 - INFO - Starting to scrape posts...
2024-12-31 16:48:55,935 - INFO - Starting to scrape posts...
2024-12-31 16:49:34,932 - INFO - Starting to scrape posts...
2024-12-31 16:50:13,904 - INFO - Starting to scrape posts...
2024-12-31 16:50:52,881 - INFO - Starting to scrape posts...
2024-12-31 16:51:31,421 - INFO - Starting to scrape posts...
2024-12-31 16:52:12,684 - INFO - Starting to scrape posts...
2024-12-31 16:52:52,800 - INFO - Starting to scrape posts...
2024-12-31 16:53:31,978 - INFO - Starting to scrape posts...
2024-12-31 16:54:11,056 - INFO - Starting to scrape posts...
2024-12-31 16:54:50,382 - INFO - Starting to scrape posts...
2024-12-31 16:55:29,484 - INFO - Starting to scrape posts...
2024-12-31 16:55:57,274 - INFO - ====== WebDriver manager ======
2024-12-31 16:55:58,035 - INFO - Get LATEST chromedriver version for google-chrome
2024-12-31 16:55:59,118 - INFO - Get LATEST chromedriver version for google-chrome
2024-12-31 16:56:00,183 - INFO - Driver [C:\Users\home\.wdm\drivers\chromedriver\win64\131.0.6778.204\chromedriver-win32/chromedriver.exe] found in cache
2024-12-31 16:56:09,397 - INFO - Starting to scrape posts...
2024-12-31 16:56:49,814 - INFO - Starting to scrape posts...
2024-12-31 16:57:29,065 - INFO - Starting to scrape posts...
2024-12-31 16:58:08,480 - INFO - Starting to scrape posts...
2024-12-31 16:58:47,574 - INFO - Starting to scrape posts...
2024-12-31 16:59:27,281 - INFO - Starting to scrape posts...
2024-12-31 17:00:08,042 - INFO - Starting to scrape posts...
2024-12-31 17:00:47,745 - INFO - Starting to scrape posts...
2024-12-31 17:01:26,720 - INFO - Starting to scrape posts...
2024-12-31 17:02:06,298 - INFO - Starting to scrape posts...
2024-12-31 17:02:16,026 - INFO - ====== WebDriver manager ======
2024-12-31 17:02:17,423 - INFO - Get LATEST chromedriver version for google-chrome
2024-12-31 17:02:19,016 - INFO - Get LATEST chromedriver version for google-chrome
2024-12-31 17:02:20,957 - INFO - Driver [C:\Users\home\.wdm\drivers\chromedriver\win64\131.0.6778.204\chromedriver-win32/chromedriver.exe] found in cache
2024-12-31 17:02:45,200 - INFO - Starting to scrape posts...
2024-12-31 17:03:20,522 - INFO - Starting to scrape posts...
2024-12-31 17:04:00,073 - INFO - Starting to scrape posts...
2024-12-31 17:04:46,319 - INFO - Starting to scrape posts...
2024-12-31 17:05:26,082 - INFO - Starting to scrape posts...
2024-12-31 17:05:46,061 - INFO - ====== WebDriver manager ======
2024-12-31 17:05:46,921 - INFO - Get LATEST chromedriver version for google-chrome
2024-12-31 17:05:48,970 - INFO - Get LATEST chromedriver version for google-chrome
2024-12-31 17:05:50,022 - INFO - Driver [C:\Users\home\.wdm\drivers\chromedriver\win64\131.0.6778.204\chromedriver-win32/chromedriver.exe] found in cache
2024-12-31 17:06:06,210 - INFO - Starting to scrape posts...
2024-12-31 17:06:37,871 - INFO - Starting to scrape posts...
2024-12-31 17:07:11,337 - INFO - Starting to scrape posts...
2024-12-31 17:07:20,116 - INFO - ====== WebDriver manager ======
2024-12-31 17:07:20,772 - INFO - Get LATEST chromedriver version for google-chrome
2024-12-31 17:07:22,170 - INFO - Get LATEST chromedriver version for google-chrome
2024-12-31 17:07:23,220 - INFO - Driver [C:\Users\home\.wdm\drivers\chromedriver\win64\131.0.6778.204\chromedriver-win32/chromedriver.exe] found in cache
2024-12-31 17:07:44,379 - INFO - Starting to scrape posts...
2024-12-31 17:08:12,749 - INFO - Starting to scrape posts...
2024-12-31 17:08:48,463 - INFO - Starting to scrape posts...
2024-12-31 17:09:21,283 - INFO - Starting to scrape posts...
2024-12-31 17:09:53,160 - INFO - Starting to scrape posts...
2024-12-31 17:10:25,573 - INFO - Starting to scrape posts...
2024-12-31 17:11:04,222 - INFO - Starting to scrape posts...
2024-12-31 17:11:36,690 - INFO - Starting to scrape posts...
2024-12-31 17:12:09,401 - INFO - Starting to scrape posts...
2024-12-31 17:12:41,325 - INFO - Starting to scrape posts...
2024-12-31 17:13:13,669 - INFO - Starting to scrape posts...
2024-12-31 17:13:42,525 - INFO - Starting to scrape posts...
2024-12-31 17:14:26,842 - INFO - Starting to scrape posts...
2024-12-31 17:15:00,306 - INFO - Starting to scrape posts...
2024-12-31 17:15:46,702 - INFO - Starting to scrape posts...
2024-12-31 17:16:18,400 - INFO - Starting to scrape posts...
2024-12-31 17:16:53,624 - INFO - Starting to scrape posts...
2024-12-31 17:17:27,156 - INFO - Starting to scrape posts...
2024-12-31 17:17:59,658 - INFO - Starting to scrape posts...
2024-12-31 17:18:32,922 - INFO - Starting to scrape posts...
2024-12-31 17:19:05,764 - INFO - Starting to scrape posts...
2024-12-31 17:19:45,051 - INFO - Starting to scrape posts...
2024-12-31 17:20:17,523 - INFO - Starting to scrape posts...
2024-12-31 17:20:49,084 - INFO - Starting to scrape posts...
2024-12-31 17:21:21,646 - INFO - Starting to scrape posts...
2024-12-31 17:21:53,365 - INFO - Starting to scrape posts...
2024-12-31 17:22:25,082 - INFO - Starting to scrape posts...
2024-12-31 17:23:08,861 - INFO - Starting to scrape posts...
2024-12-31 17:23:33,586 - INFO - Starting to scrape posts...
2024-12-31 17:24:12,953 - INFO - Starting to scrape posts...
2024-12-31 17:24:53,011 - INFO - Starting to scrape posts...
2024-12-31 17:25:31,885 - INFO - Starting to scrape posts...
2024-12-31 17:26:04,011 - INFO - Starting to scrape posts...
2024-12-31 17:26:37,734 - INFO - Starting to scrape posts...
2024-12-31 17:27:16,827 - INFO - Starting to scrape posts...
2024-12-31 17:27:55,967 - INFO - Starting to scrape posts...
2024-12-31 17:28:35,523 - INFO - Starting to scrape posts...
2024-12-31 17:29:03,002 - INFO - Starting to scrape posts...
2024-12-31 17:29:27,991 - INFO - Starting to scrape posts...
2024-12-31 17:30:09,921 - INFO - Starting to scrape posts...
2024-12-31 17:30:41,614 - INFO - Starting to scrape posts...
2024-12-31 17:31:14,058 - INFO - Starting to scrape posts...
2024-12-31 17:31:53,838 - INFO - Starting to scrape posts...
2024-12-31 17:32:26,787 - INFO - Starting to scrape posts...
2024-12-31 17:33:06,545 - INFO - Starting to scrape posts...
2024-12-31 17:33:45,736 - INFO - Starting to scrape posts...
2024-12-31 17:34:17,494 - INFO - Starting to scrape posts...
2024-12-31 17:34:49,842 - INFO - Starting to scrape posts...
2024-12-31 17:35:21,506 - INFO - Starting to scrape posts...
2024-12-31 17:35:53,900 - INFO - Starting to scrape posts...
2024-12-31 17:36:28,727 - INFO - Starting to scrape posts...
2024-12-31 17:37:07,884 - INFO - Starting to scrape posts...
2024-12-31 17:37:46,727 - INFO - Starting to scrape posts...
2024-12-31 17:38:27,012 - INFO - Starting to scrape posts...
2024-12-31 17:38:44,320 - INFO - Starting to scrape posts...
2024-12-31 17:39:17,131 - INFO - Starting to scrape posts...
2024-12-31 17:39:48,775 - INFO - Starting to scrape posts...
2024-12-31 17:40:21,606 - INFO - Starting to scrape posts...
2024-12-31 17:40:54,961 - INFO - Starting to scrape posts...
2024-12-31 17:41:28,016 - INFO - Starting to scrape posts...
2024-12-31 17:42:00,493 - INFO - Starting to scrape posts...
2024-12-31 17:42:33,617 - INFO - Starting to scrape posts...
2024-12-31 17:43:05,371 - INFO - Starting to scrape posts...
2024-12-31 17:43:38,071 - INFO - Starting to scrape posts...
2024-12-31 17:43:56,776 - INFO - Starting to scrape posts...
2024-12-31 17:44:29,593 - INFO - Starting to scrape posts...
2024-12-31 17:45:01,486 - INFO - Starting to scrape posts...
2024-12-31 17:45:34,058 - INFO - Starting to scrape posts...
2024-12-31 17:46:05,755 - INFO - Starting to scrape posts...
